[2026-04-23T04:43:21.469Z] GET http://localhost:5199/ → 200 (4ms, 504B)
[2026-04-23T04:43:21.475Z] GET http://localhost:5199/@vite/client → 200 (7ms, 182535B)
[2026-04-23T04:43:21.475Z] GET http://localhost:5199/src/styles.css → 200 (4ms, 3872B)
[2026-04-23T04:43:21.475Z] GET http://localhost:5199/src/main.ts → 200 (5ms, 2345B)
[2026-04-23T04:43:21.482Z] GET http://localhost:5199/src/styles.css → 200 (4ms, 4543B)
[2026-04-23T04:43:21.482Z] GET http://localhost:5199/src/core/App.ts → 200 (3ms, 14745B)
[2026-04-23T04:43:21.482Z] GET http://localhost:5199/src/levels/LotusLake.ts → 200 (8ms, 21044B)
[2026-04-23T04:43:21.483Z] GET http://localhost:5199/src/levels/FireflyForest.ts → 200 (7ms, 25322B)
[2026-04-23T04:43:21.483Z] GET http://localhost:5199/src/levels/ConstellationTrace.ts → 200 (8ms, 22983B)
[2026-04-23T04:43:21.483Z] GET http://localhost:5199/src/levels/DualFireflies.ts → 200 (10ms, 27001B)
[2026-04-23T04:43:21.483Z] GET http://localhost:5199/src/levels/StormSwallow.ts → 200 (8ms, 52861B)
[2026-04-23T04:43:21.483Z] GET http://localhost:5199/src/levels/MeteorTrial.ts → 200 (7ms, 26839B)
[2026-04-23T04:43:21.483Z] GET http://localhost:5199/node_modules/vite/dist/client/env.mjs → 200 (7ms, 3861B)
[2026-04-23T04:43:21.485Z] GET http://localhost:5199/src/core/types.ts → 200 (7ms, 2728B)
[2026-04-23T04:43:21.485Z] GET http://localhost:5199/src/core/Renderer.ts → 200 (6ms, 4906B)
[2026-04-23T04:43:21.486Z] GET http://localhost:5199/src/core/Controls.ts → 200 (5ms, 23381B)
[2026-04-23T04:43:21.486Z] GET http://localhost:5199/src/levels/LevelRenderer.ts → 200 (7ms, 1770B)
[2026-04-23T04:43:21.486Z] GET http://localhost:5199/src/core/Timing.ts → 200 (7ms, 2221B)
[2026-04-23T04:43:21.490Z] GET http://localhost:5199/src/utils/drawing.ts → 200 (3ms, 40790B)
[2026-04-23T04:43:21.490Z] GET http://localhost:5199/src/utils/color.ts → 200 (3ms, 6505B)
[2026-04-23T04:43:21.490Z] GET http://localhost:5199/src/utils/noise.ts → 200 (3ms, 21166B)
